<?xml version="1.0" encoding="UTF-8"?>
<!-- Generated by org.testng.reporters.JUnitReportReporter -->
<testsuite hostname="DESKTOP-DMI2KMV" failures="0" tests="1" name="TestNG.demo2" time="0.042" errors="0" timestamp="2022-06-04T08:46:29 IST" skipped="0">
  <testcase classname="TestNG.demo2" name="method1" time="0.042"/>
  <system-out>
    <![CDATA[method1 executed]]>
  </system-out>
</testsuite> <!-- TestNG.demo2 -->
