<?xml version="1.0" encoding="UTF-8"?>
<!-- Generated by org.testng.reporters.JUnitReportReporter -->
<testsuite hostname="DESKTOP-DMI2KMV" failures="0" tests="12" name="TestNG.FlagFGrouping" time="0.130" errors="0" timestamp="2022-06-14T09:06:09 IST" skipped="0">
  <testcase classname="TestNG.FlagFGrouping" name="ft1" time="0.046"/>
  <system-out>
    <![CDATA[ft1]]>
  </system-out>
  <testcase classname="TestNG.FlagFGrouping" name="st4" time="0.004"/>
  <system-out>
    <![CDATA[st4]]>
  </system-out>
  <testcase classname="TestNG.FlagFGrouping" name="st2" time="0.005"/>
  <system-out>
    <![CDATA[st2]]>
  </system-out>
  <testcase classname="TestNG.FlagFGrouping" name="ft5" time="0.005"/>
  <system-out>
    <![CDATA[ft5]]>
  </system-out>
  <testcase classname="TestNG.FlagFGrouping" name="st5" time="0.014"/>
  <system-out>
    <![CDATA[st5]]>
  </system-out>
  <testcase classname="TestNG.FlagFGrouping" name="ft3" time="0.009"/>
  <system-out>
    <![CDATA[ft3]]>
  </system-out>
  <testcase classname="TestNG.FlagFGrouping" name="ft4" time="0.009"/>
  <system-out>
    <![CDATA[ft4]]>
  </system-out>
  <testcase classname="TestNG.FlagFGrouping" name="ft6" time="0.013"/>
  <system-out>
    <![CDATA[ft6]]>
  </system-out>
  <testcase classname="TestNG.FlagFGrouping" name="st3" time="0.006"/>
  <system-out>
    <![CDATA[st3]]>
  </system-out>
  <testcase classname="TestNG.FlagFGrouping" name="st1" time="0.005"/>
  <system-out>
    <![CDATA[st1]]>
  </system-out>
  <testcase classname="TestNG.FlagFGrouping" name="st6" time="0.007"/>
  <system-out>
    <![CDATA[st6]]>
  </system-out>
  <testcase classname="TestNG.FlagFGrouping" name="ft2" time="0.007"/>
  <system-out>
    <![CDATA[ft2]]>
  </system-out>
</testsuite> <!-- TestNG.FlagFGrouping -->
